app/build/outputs/logs/manifest-merger-debug-report.txt
-- Merging decision tree log ---
manifest
ADDED from src/main/AndroidManifest.xml:2:1-55:12
	package
		ADDED from src/main/AndroidManifest.xml:3:5-36
		INJECTED from src/main/AndroidManifest.xml
		INJECTED from src/main/AndroidManifest.xml
	android:versionName
		INJECTED from src/main/AndroidManifest.xml
		INJECTED from src/main/AndroidManifest.xml
	xmlns:android
		ADDED from src/main/AndroidManifest.xml:2:11-69
	android:versionCode
		INJECTED from src/main/AndroidManifest.xml
		INJECTED from src/main/AndroidManifest.xml
application
ADDED from src/main/AndroidManifest.xml:5:5-53:19
MERGED from [com.ms-square:expandableTextView:0.1.4] AndroidManifest.xml:9:5-20
MERGED from [com.github.aakira:expandable-layout:1.4.2] AndroidManifest.xml:12:5-20
MERGED from [com.android.support.constraint:constraint-layout:1.0.2] AndroidManifest.xml:9:5-20
MERGED from [com.android.support:design:23.1.1] AndroidManifest.xml:22:5-20
MERGED from [com.android.support:appcompat-v7:23.1.1] AndroidManifest.xml:22:5-20
MERGED from [com.android.support:support-v4:23.1.1] AndroidManifest.xml:22:5-20
	android:label
		ADDED from src/main/AndroidManifest.xml:9:9-41
	android:supportsRtl
		ADDED from src/main/AndroidManifest.xml:10:9-35
	android:debuggable
		ADDED from src/main/AndroidManifest.xml:7:9-34
	android:allowBackup
		ADDED from src/main/AndroidManifest.xml:6:9-35
	android:icon
		ADDED from src/main/AndroidManifest.xml:8:9-43
	android:theme
		ADDED from src/main/AndroidManifest.xml:11:9-44
activity#ikhsan.com.coffeorder.user.MainActivity
ADDED from src/main/AndroidManifest.xml:12:9-16:70
	android:label
		ADDED from src/main/AndroidManifest.xml:14:13-46
	android:windowSoftInputMode
		ADDED from src/main/AndroidManifest.xml:16:13-67
	android:theme
		ADDED from src/main/AndroidManifest.xml:15:13-76
	android:name
		ADDED from src/main/AndroidManifest.xml:13:13-46
activity#ikhsan.com.coffeorder.user.UserLoginAcitvity
ADDED from src/main/AndroidManifest.xml:17:9-19:70
	android:windowSoftInputMode
		ADDED from src/main/AndroidManifest.xml:19:13-67
	android:name
		ADDED from src/main/AndroidManifest.xml:18:13-51
activity#ikhsan.com.coffeorder.splash.SplashScreen
ADDED from src/main/AndroidManifest.xml:20:9-30:20
	android:screenOrientation
		ADDED from src/main/AndroidManifest.xml:23:13-49
	android:noHistory
		ADDED from src/main/AndroidManifest.xml:22:13-37
	android:theme
		ADDED from src/main/AndroidManifest.xml:24:13-48
	android:name
		ADDED from src/main/AndroidManifest.xml:21:13-48
intent-filter#android.intent.action.MAIN+android.intent.category.LAUNCHER
ADDED from src/main/AndroidManifest.xml:25:13-29:29
action#android.intent.action.MAIN
ADDED from src/main/AndroidManifest.xml:26:17-69
	android:name
		ADDED from src/main/AndroidManifest.xml:26:25-66
category#android.intent.category.LAUNCHER
ADDED from src/main/AndroidManifest.xml:28:17-77
	android:name
		ADDED from src/main/AndroidManifest.xml:28:27-74
activity#ikhsan.com.coffeorder.admin.AdminLoginActivity
ADDED from src/main/AndroidManifest.xml:31:9-33:70
	android:windowSoftInputMode
		ADDED from src/main/AndroidManifest.xml:33:13-67
	android:name
		ADDED from src/main/AndroidManifest.xml:32:13-53
activity#ikhsan.com.coffeorder.admin.AdminActivity
ADDED from src/main/AndroidManifest.xml:34:9-37:79
	android:label
		ADDED from src/main/AndroidManifest.xml:36:13-42
	android:theme
		ADDED from src/main/AndroidManifest.xml:37:13-76
	android:name
		ADDED from src/main/AndroidManifest.xml:35:13-48
activity#ikhsan.com.coffeorder.admin.AddMenuActivity
ADDED from src/main/AndroidManifest.xml:38:9-47:20
	android:label
		ADDED from src/main/AndroidManifest.xml:40:13-48
	android:parentActivityName
		ADDED from src/main/AndroidManifest.xml:41:13-62
	android:theme
		ADDED from src/main/AndroidManifest.xml:42:13-76
	android:name
		ADDED from src/main/AndroidManifest.xml:39:13-50
meta-data#android.support.PARENT_ACTIVITY
ADDED from src/main/AndroidManifest.xml:44:13-46:56
	android:value
		ADDED from src/main/AndroidManifest.xml:46:17-53
	android:name
		ADDED from src/main/AndroidManifest.xml:45:17-63
activity#ikhsan.com.coffeorder.user.TotalActivity
ADDED from src/main/AndroidManifest.xml:48:9-56
	android:name
		ADDED from src/main/AndroidManifest.xml:48:19-53
provider#ikhsan.com.coffeorder.data.CoffeeProvider
ADDED from src/main/AndroidManifest.xml:49:9-52:39
	android:authorities
		ADDED from src/main/AndroidManifest.xml:50:13-56
	android:exported
		ADDED from src/main/AndroidManifest.xml:52:13-37
	android:name
		ADDED from src/main/AndroidManifest.xml:51:13-48
uses-sdk
INJECTED from src/main/AndroidManifest.xml reason: use-sdk injection requested
MERGED from [com.ms-square:expandableTextView:0.1.4] AndroidManifest.xml:5:5-7:41
MERGED from [com.github.aakira:expandable-layout:1.4.2] AndroidManifest.xml:8:5-10:41
MERGED from [com.android.support.constraint:constraint-layout:1.0.2] AndroidManifest.xml:5:5-7:41
MERGED from [com.android.support:design:23.1.1] AndroidManifest.xml:20:5-43
MERGED from [com.android.support:appcompat-v7:23.1.1] AndroidManifest.xml:20:5-43
MERGED from [com.android.support:recyclerview-v7:23.1.1] AndroidManifest.xml:20:5-43
MERGED from [com.android.support:support-v4:23.1.1] AndroidManifest.xml:20:5-43
	android:targetSdkVersion
		INJECTED from src/main/AndroidManifest.xml
		INJECTED from src/main/AndroidManifest.xml
	android:minSdkVersion
		INJECTED from src/main/AndroidManifest.xml
		INJECTED from src/main/AndroidManifest.xml